2025-12-17 09:13:11 [INFO]: Navigated to file upload page
2025-12-17 09:13:12 [INFO]: File upload initiated
2025-12-17 09:13:12 [INFO]: File upload verified successfully
2025-12-17 09:13:29 [INFO]: Launching Paytm application using browser fixture
2025-12-17 09:13:34 [INFO]: Navigated to Paytm homepage
2025-12-17 09:14:26 [INFO]: =========================
2025-12-17 09:14:26 [INFO]: Executing TC 01 - login to saucedemo applicaiton using valid username and password
2025-12-17 09:14:26 [INFO]: Starting login test
2025-12-17 09:14:28 [INFO]: Navigated to login page
2025-12-17 09:14:28 [INFO]: Entered username
2025-12-17 09:14:28 [INFO]: Entered password
2025-12-17 09:14:29 [INFO]: Login successful
2025-12-17 09:15:50 [INFO]: =========================
2025-12-17 09:15:50 [INFO]: Executing TC 01 - login to saucedemo applicaiton using valid username and password
2025-12-17 09:15:50 [INFO]: Starting login test
2025-12-17 09:15:51 [INFO]: Navigated to login page
2025-12-17 09:15:51 [INFO]: Entered username
2025-12-17 09:15:51 [INFO]: Entered password
2025-12-17 09:18:12 [INFO]: Navigated to Paytm homepage
2025-12-17 09:18:23 [INFO]: Navigated to Mobile Recharge page
2025-12-17 09:19:52 [INFO]: Navigated to Paytm homepage
2025-12-17 09:20:02 [INFO]: Navigated to Mobile Recharge page
2025-12-17 09:21:56 [INFO]: Navigated to file upload page
2025-12-17 09:21:56 [ERROR]: This is a sample error log
2025-12-17 09:21:56 [WARN]: This is a sample warning log
2025-12-17 09:21:57 [INFO]: File upload initiated
2025-12-17 09:21:57 [INFO]: File upload verified successfully
2025-12-17 09:23:42 [ERROR]: This is a sample error log
2025-12-17 09:24:13 [INFO]: Navigated to file upload page
2025-12-17 09:24:13 [ERROR]: This is a sample error log
2025-12-17 09:24:13 [WARN]: This is a sample warning log
2025-12-17 09:24:13 [DEBUG]: This is a sample debug log
2025-12-17 09:24:14 [INFO]: File upload initiated
2025-12-17 09:24:14 [INFO]: File upload verified successfully
2025-12-17 09:24:58 [INFO]: Navigated to file upload page
2025-12-17 09:24:58 [ERROR]: This is a sample error log
2025-12-17 09:24:58 [WARN]: This is a sample warning log
2025-12-17 09:24:58 [DEBUG]: This is a sample debug log
2025-12-17 09:24:59 [INFO]: File upload initiated
2025-12-17 09:24:59 [INFO]: File upload verified successfully
2025-12-17 09:25:39 [INFO]: Navigated to file upload page
2025-12-17 09:25:39 [ERROR]: This is a sample error log
2025-12-17 09:25:39 [WARN]: This is a sample warning log
2025-12-17 09:25:39 [DEBUG]: This is a sample debug log
2025-12-17 09:25:39 [SILLY]: This is a sample silly log
2025-12-17 09:25:40 [INFO]: File upload initiated
2025-12-17 09:25:40 [INFO]: File upload verified successfully
2025-17-12 09:27:49 [INFO]: Navigated to file upload page
2025-17-12 09:27:49 [ERROR]: This is a sample error log
2025-17-12 09:27:49 [WARN]: This is a sample warning log
2025-17-12 09:27:49 [DEBUG]: This is a sample debug log
2025-17-12 09:27:49 [SILLY]: This is a sample silly log
2025-17-12 09:27:50 [INFO]: File upload initiated
2025-17-12 09:27:50 [INFO]: File upload verified successfully
2025-12-18 08:30:03 [INFO]: Navigated to Paytm homepage
2025-12-18 08:30:40 [INFO]: Navigated to Paytm homepage
2025-12-18 08:33:24 [INFO]: Navigated to Paytm homepage
2025-12-18 08:42:25 [INFO]: Navigated to Instagram Page
2025-12-18 08:43:56 [INFO]: Navigated to Instagram Page
2025-12-18 08:44:29 [INFO]: Navigated to Instagram Page
2025-12-18 08:45:10 [INFO]: Navigated to Instagram Page
2025-12-18 08:45:43 [INFO]: Navigated to Instagram Page
2025-12-18 08:51:37 [INFO]: Naviagated to saucedemo application
2025-12-18 08:51:37 [INFO]: Entered username
2025-12-18 08:51:37 [INFO]: Entered password
2025-12-18 08:51:37 [INFO]: Clicked on login button
2025-12-18 08:52:18 [INFO]: Naviagated to saucedemo application
2025-12-18 08:52:18 [INFO]: Entered username
2025-12-18 08:52:18 [INFO]: Entered password
2025-12-18 08:52:18 [INFO]: Clicked on login button
2025-12-18 08:53:48 [INFO]: Naviagated to saucedemo application
2025-12-18 08:53:49 [INFO]: Entered username
2025-12-18 08:53:49 [INFO]: Entered password
2025-12-18 08:53:49 [INFO]: Clicked on login button
2025-12-18 09:00:57 [INFO]: =========================
2025-12-18 09:00:57 [INFO]: Executing TC 01 - login to saucedemo applicaiton using valid username and password
2025-12-18 09:00:57 [INFO]: Starting login test
2025-12-18 09:00:59 [INFO]: Navigated to login page
2025-12-18 09:00:59 [INFO]: Entered username
2025-12-18 09:00:59 [INFO]: Entered password
2025-12-18 09:01:13 [INFO]: =========================
2025-12-18 09:01:13 [INFO]: Executing TC 01 - login to saucedemo applicaiton using valid username and password
2025-12-18 09:01:13 [INFO]: Starting login test
2025-12-18 09:01:15 [INFO]: Navigated to login page
2025-12-18 09:01:15 [INFO]: Entered username
2025-12-18 09:01:15 [INFO]: Entered password
2025-12-20 09:14:03 [INFO]: Navigated to file upload page
2025-12-20 09:14:03 [ERROR]: This is a sample error log
2025-12-20 09:14:03 [WARN]: This is a sample warning log
2025-12-20 09:14:04 [INFO]: File upload initiated
2025-12-20 09:14:04 [INFO]: File upload verified successfully
2025-12-20 09:15:15 [ERROR]: This is a sample error log
2025-12-20 09:15:15 [WARN]: This is a sample warning log
2025-12-20 09:16:52 [INFO]: Navigated to file upload page
2025-12-20 09:16:52 [ERROR]: This is a sample error log
2025-12-20 09:16:52 [WARN]: This is a sample warning log
2025-12-20 09:16:52 [DEBUG]: This is a sample debug log
2025-12-20 09:16:52 [SILLY]: This is a sample silly log
2025-12-20 09:16:52 [SILLY]: Preparing to upload file
2025-12-20 09:16:54 [INFO]: File upload initiated
2025-12-20 09:16:54 [INFO]: File upload verified successfully
2025-12-20 09:46:17 [INFO]: Navigated to file upload page
2025-12-20 09:46:17 [ERROR]: This is a sample error log
2025-12-20 09:46:17 [WARN]: This is a sample warning log
2025-12-20 09:46:17 [DEBUG]: This is a sample debug log
2025-12-20 09:46:17 [SILLY]: This is a sample silly log
2025-12-20 09:46:17 [SILLY]: Preparing to upload file
2025-12-20 09:46:18 [INFO]: File upload initiated
2025-12-21 11:34:19 [INFO]: Navigated to saucedemo application
2025-12-21 11:35:53 [INFO]: Navigated to saucedemo application
2025-12-21 11:37:26 [INFO]: Navigated to saucedemo application
2025-12-21 11:37:27 [INFO]: Performed login action
2025-12-21 11:43:50 [INFO]: Navigated to saucedemo application
2025-12-21 11:43:50 [INFO]: Entered username
2025-12-21 11:43:50 [INFO]: Entered password
2025-12-21 11:43:50 [INFO]: Clicked on login button
2025-12-21 11:48:51 [INFO]: Navigated to saucedemo application
2025-12-21 11:48:51 [INFO]: Entered username
2025-12-21 11:48:51 [INFO]: Entered password
2025-12-21 11:48:51 [INFO]: Clicked on login button
2025-12-21 11:48:51 [INFO]: Clicked on add to cart button for product
2025-12-23 09:47:13 [INFO]: Navigated to login page
2025-12-23 09:47:13 [INFO]: Performed login operation
2025-12-23 09:47:13 [INFO]: Clicked on product to view details
2025-12-23 09:47:13 [INFO]: Clicked on cart badge to view cart items
2026-01-05 10:04:17 [INFO]: Navigated to file upload page
2026-01-05 10:04:17 [ERROR]: This is a sample error log
2026-01-05 10:04:17 [WARN]: This is a sample warning log
2026-01-05 10:04:17 [DEBUG]: This is a sample debug log
2026-01-05 10:04:17 [SILLY]: This is a sample silly log
2026-01-05 10:04:17 [SILLY]: Preparing to upload file
2026-01-05 10:04:18 [INFO]: File upload initiated
2026-01-06 08:48:59 [INFO]: Navigated to login page
2026-01-06 08:48:59 [INFO]: Entered username
2026-01-06 08:48:59 [INFO]: Entered password
2026-01-06 08:48:59 [INFO]: Clicked on login button
2026-01-06 08:48:59 [INFO]: Performed login operation
2026-01-06 08:48:59 [INFO]: Clicked on product to view details
2026-01-06 08:48:59 [INFO]: Clicked on cart badge to view cart items
2026-01-06 08:50:42 [INFO]: Navigated to login page
2026-01-06 08:51:35 [INFO]: Entered username
2026-01-06 08:51:38 [INFO]: Entered password
2026-01-06 08:51:40 [INFO]: Clicked on login button
2026-01-06 08:51:40 [INFO]: Performed login operation
2026-01-06 08:51:41 [INFO]: Clicked on product to view details
2026-01-06 08:51:42 [INFO]: Clicked on cart badge to view cart items
2026-01-06 08:52:09 [INFO]: Navigated to login page
2026-01-06 08:52:29 [INFO]: Entered username
2026-01-06 08:52:29 [INFO]: Entered password
2026-01-06 08:52:29 [INFO]: Clicked on login button
2026-01-06 08:52:29 [INFO]: Performed login operation
2026-01-06 08:52:29 [INFO]: Clicked on product to view details
2026-01-06 08:52:29 [INFO]: Clicked on cart badge to view cart items
2026-01-10 10:29:56 [INFO]: =========================
2026-01-10 10:29:56 [INFO]: Executing TC 01 - login to saucedemo applicaiton using valid username and password
2026-01-10 10:29:56 [INFO]: Starting login test
2026-01-10 10:29:58 [INFO]: Navigated to login page
2026-01-10 10:29:58 [INFO]: Entered username
2026-01-10 10:29:58 [INFO]: Entered password
2026-01-10 10:38:22 [INFO]: Navigated to login page
2026-01-10 10:38:48 [INFO]: Entered username
2026-01-10 10:38:52 [INFO]: Entered password
2026-01-10 10:38:55 [INFO]: Clicked on login button
2026-01-10 10:38:55 [INFO]: Performed login operation
2026-01-10 10:39:41 [INFO]: Clicked on product to view details
2026-01-10 10:40:09 [INFO]: Clicked on cart badge to view cart items
2026-01-10 10:40:51 [INFO]: Navigated to login page
2026-01-10 10:40:51 [INFO]: Entered username
2026-01-10 10:40:51 [INFO]: Entered password
2026-01-10 10:40:51 [INFO]: Clicked on login button
2026-01-10 10:40:51 [INFO]: Performed login operation
2026-01-10 10:40:51 [INFO]: Clicked on product to view details
2026-01-10 10:40:51 [INFO]: Clicked on cart badge to view cart items
2026-01-11 10:44:25 [INFO]: Dialog message: I am a JS Alert
2026-01-11 12:33:25 [INFO]: =========================
2026-01-11 12:33:25 [INFO]: Executing TC 01 - login to saucedemo applicaiton using valid username and password
2026-01-11 12:33:25 [INFO]: Starting login test
2026-01-11 12:33:26 [INFO]: Navigated to login page
2026-01-13 08:50:14 [INFO]: Dialog message: I am a JS Alert
2026-01-15 18:54:37 [INFO]: =========================
2026-01-15 18:54:37 [INFO]: Executing TC 01 - login to saucedemo applicaiton using valid username and password
2026-01-15 18:54:37 [INFO]: Starting login test
2026-01-15 18:54:39 [INFO]: Navigated to login page
2026-01-15 18:54:40 [INFO]: Entered username
2026-01-15 18:54:40 [INFO]: Entered password
2026-01-15 18:54:47 [INFO]: =========================
2026-01-15 18:54:47 [INFO]: Executing TC 01 - login to saucedemo applicaiton using valid username and password
2026-01-15 18:54:47 [INFO]: Starting login test
2026-01-15 18:54:48 [INFO]: Navigated to login page
2026-01-15 18:54:49 [INFO]: Entered username
2026-01-15 18:54:49 [INFO]: Entered password
2026-01-15 20:26:47 [INFO]: Navigated to login page
2026-01-15 20:26:47 [INFO]: Entered username
2026-01-15 20:26:47 [INFO]: Entered password
2026-01-15 20:26:48 [INFO]: Clicked on login button
2026-01-15 20:26:48 [INFO]: Performed login operation
2026-01-15 20:26:48 [INFO]: Clicked on product to view details
2026-01-15 20:26:48 [INFO]: Clicked on cart badge to view cart items
2026-01-18 19:24:05 [INFO]: Navigated to saucedemo application
2026-01-18 19:24:05 [INFO]: Entered username
2026-01-18 19:24:05 [INFO]: Entered password
2026-01-18 19:24:05 [INFO]: Clicked on login button
2026-01-18 19:24:05 [INFO]: Clicked on add to cart button for product
2026-01-18 19:24:37 [INFO]: Navigated to saucedemo application
2026-01-18 19:24:37 [INFO]: Entered username
2026-01-18 19:24:37 [INFO]: Entered password
2026-01-18 19:24:37 [INFO]: Clicked on login button
2026-01-18 19:24:37 [INFO]: Clicked on add to cart button for product
2026-01-18 19:26:38 [INFO]: Navigated to saucedemo application
2026-01-18 19:26:38 [INFO]: Entered username
2026-01-18 19:26:38 [INFO]: Entered password
2026-01-18 19:26:39 [INFO]: Clicked on login button
2026-01-18 19:26:39 [INFO]: Clicked on add to cart button for product
2026-01-21 09:01:38 [INFO]: =========================
2026-01-21 09:01:38 [INFO]: Executing TC 01 - login to saucedemo applicaiton using valid username and password
2026-01-21 09:01:38 [INFO]: Starting login test
2026-01-21 09:01:40 [INFO]: Navigated to login page
2026-01-21 09:01:40 [INFO]: Entered username
2026-01-21 09:01:40 [INFO]: Entered password
2026-01-21 09:01:55 [INFO]: =========================
2026-01-21 09:01:55 [INFO]: Executing TC 01 - login to saucedemo applicaiton using valid username and password
2026-01-21 09:01:55 [INFO]: Starting login test
2026-01-21 09:01:56 [INFO]: Navigated to login page
2026-01-21 09:01:57 [INFO]: Entered username
2026-01-21 09:01:57 [INFO]: Entered password
2026-01-21 09:15:27 [INFO]: =========================
2026-01-21 09:15:27 [INFO]: Executing TC 01 - login to saucedemo applicaiton using valid username and password
2026-01-21 09:15:27 [INFO]: Starting login test
2026-01-21 09:15:28 [INFO]: Navigated to login page
2026-01-21 09:15:28 [INFO]: Entered username
2026-01-21 09:15:28 [INFO]: Entered password
2026-01-21 09:15:33 [INFO]: Login successful
2026-01-21 09:19:21 [INFO]: =========================
2026-01-21 09:19:21 [INFO]: Executing TC 01 - login to saucedemo applicaiton using valid username and password
2026-01-21 09:19:21 [INFO]: Starting login test
2026-01-21 09:19:23 [INFO]: Navigated to login page
2026-01-21 09:19:23 [INFO]: Entered username
2026-01-21 09:19:23 [INFO]: Entered password
2026-01-21 09:19:28 [INFO]: Login successful
2026-01-21 09:22:36 [INFO]: =========================
2026-01-21 09:22:36 [INFO]: Executing TC 01 - login to saucedemo applicaiton using valid username and password
2026-01-21 09:22:36 [INFO]: Starting login test
2026-01-21 09:22:38 [INFO]: Navigated to login page
2026-01-21 09:22:38 [INFO]: Entered username
2026-01-21 09:22:38 [INFO]: Entered password
2026-01-21 09:23:26 [INFO]: =========================
2026-01-21 09:23:26 [INFO]: Executing TC 01 - login to saucedemo applicaiton using valid username and password
2026-01-21 09:23:26 [INFO]: Starting login test
2026-01-21 09:23:27 [INFO]: Navigated to login page
2026-01-21 09:23:27 [INFO]: Entered username
2026-01-21 09:23:27 [INFO]: Entered password
2026-01-21 09:23:38 [INFO]: Login successful
2026-01-21 09:30:51 [INFO]: =========================
2026-01-21 09:30:51 [INFO]: Executing TC-44 - Wikipedia smoke test
2026-01-21 09:30:52 [INFO]: Navigated to Wikipedia homepage
2026-01-21 09:30:52 [INFO]: Page title verified
2026-01-21 09:30:56 [INFO]: =========================
2026-01-21 09:30:56 [INFO]: Executing TC-44 - Wikipedia smoke test
2026-01-21 09:30:57 [INFO]: Navigated to Wikipedia homepage
2026-01-21 09:30:58 [INFO]: Page title verified
2026-01-24 10:49:47 [INFO]: =========================
2026-01-24 10:49:47 [INFO]: Executing TC 01 - login to saucedemo applicaiton using valid username and password
2026-01-24 10:49:47 [INFO]: Starting login test
2026-01-24 10:49:50 [INFO]: Navigated to login page
2026-01-24 10:49:51 [INFO]: Entered username
2026-01-24 10:49:51 [INFO]: Entered password
2026-01-24 10:49:56 [INFO]: Login successful
2026-01-24 10:50:27 [INFO]: =========================
2026-01-24 10:50:27 [INFO]: Executing TC 01 - login to saucedemo applicaiton using valid username and password
2026-01-24 10:50:27 [INFO]: Starting login test
2026-01-24 10:50:29 [INFO]: Navigated to login page
2026-01-24 10:50:29 [INFO]: Entered username
2026-01-24 10:50:29 [INFO]: Entered password
2026-01-24 10:50:34 [INFO]: Login successful
2026-01-24 10:56:42 [INFO]: =========================
2026-01-24 10:56:42 [INFO]: Executing TC 01 - login to saucedemo applicaiton using valid username and password
2026-01-24 10:56:42 [INFO]: Starting login test
2026-01-24 10:56:43 [INFO]: Navigated to login page
2026-01-24 10:56:43 [INFO]: Entered username
2026-01-24 10:56:43 [INFO]: Entered password
2026-01-24 10:56:49 [INFO]: Login successful
2026-01-25 10:50:48 [INFO]: =========================
2026-01-25 10:50:48 [INFO]: Executing TC 01 - login to saucedemo applicaiton using valid username and password
2026-01-25 10:50:48 [INFO]: Starting login test
2026-01-25 10:50:52 [INFO]: Navigated to login page
2026-01-25 10:50:52 [INFO]: Entered username
2026-01-25 10:50:52 [INFO]: Entered password
2026-01-25 10:50:57 [INFO]: Login successful
2026-01-25 11:23:51 [INFO]: =========================
2026-01-25 11:23:51 [INFO]: Executing TC 01 - login to saucedemo applicaiton using valid username and password
2026-01-25 11:23:51 [INFO]: Starting login test
2026-01-25 11:23:54 [INFO]: Navigated to login page
2026-01-25 11:23:54 [INFO]: Entered username
2026-01-25 11:23:54 [INFO]: Entered password
2026-01-25 11:23:59 [INFO]: Login successful
2026-01-27 09:01:36 [INFO]: =========================
2026-01-27 09:01:36 [INFO]: Executing TC 01 - login to saucedemo applicaiton using valid username and password
2026-01-27 09:01:36 [INFO]: Starting login test
2026-01-27 09:01:37 [INFO]: Navigated to login page
2026-01-27 09:01:37 [INFO]: Entered username
2026-01-27 09:01:37 [INFO]: Entered password
2026-01-27 09:01:47 [INFO]: Login successful
2026-01-27 09:04:23 [INFO]: =========================
2026-01-27 09:04:23 [INFO]: Executing TC 01 - login to saucedemo applicaiton using valid username and password
2026-01-27 09:04:23 [INFO]: Starting login test
2026-01-27 09:04:23 [INFO]: Navigated to login page
2026-01-27 09:04:23 [INFO]: Entered username
2026-01-27 09:04:23 [INFO]: Entered password
2026-01-27 09:04:34 [INFO]: Login successful
2026-01-27 09:04:59 [INFO]: =========================
2026-01-27 09:04:59 [INFO]: Executing TC 01 - login to saucedemo applicaiton using valid username and password
2026-01-27 09:04:59 [INFO]: Starting login test
2026-01-27 09:04:59 [INFO]: Navigated to login page
2026-01-27 09:04:59 [INFO]: Entered username
2026-01-27 09:04:59 [INFO]: Entered password
